Unity Editor version:    2022.3.62f3 (96770f904ca7)
Branch:                  2022.3/respin/2022.3.62f2-4af31df585-v2
Build type:              Release
Batch mode:              YES
macOS version:           Version 26.4.1 (Build 25E253)
Darwin version:          25.4.0
Architecture:            arm64
Running under Rosetta:   NO
Available memory:        24576 MB
[Licensing::Module] Trying to connect to existing licensing client channel...
[Licensing::IpcConnector] Channel LicenseClient-koren doesn't exist
Launching external process: /Applications/Unity/Hub/Editor/2022.3.62f3/Unity.app/Contents/Frameworks/UnityLicensingClient.app/Contents/MacOS/Unity.Licensing.Client
[Licensing::Module] Successfully launched the LicensingClient (PId: 84630)
[Licensing::IpcConnector] Successfully connected to: "LicenseClient-koren" at "2026-05-11T08:25:40.27925Z"
[Licensing::Client] Code 10 while verifying Licensing Client signature (process Id: 84630, path: "/Applications/Unity/Hub/Editor/2022.3.62f3/Unity.app/Contents/Frameworks/UnityLicensingClient.app/Contents/MacOS/Unity.Licensing.Client")
[Licensing::Module] LicensingClient has failed validation; ignoring
[Licensing::Client] Handshaking with LicensingClient:
  Version:                 1.16.2+bdef8f5
  Session Id:              9d1175e84f894680b02be832ad5308dc
  Correlation Id:          411f60543baa5a39e84db377c6a2a5e0
  External correlation Id: 7665167483234348677
  Machine Id:              BZCkYim/68Qdxu2C8FE0uK2acCg=
[Licensing::Module] Successfully connected to LicensingClient on channel: "LicenseClient-koren" (connect: 0.60s, validation: 0.04s, handshake: 0.34s)
[Licensing::IpcConnector] Successfully connected to: "LicenseClient-koren-notifications" at "2026-05-11T08:25:40.659444Z"
[Licensing::Module] Connected to LicensingClient (PId: 84630, launch time: 0.00, total connection time: 0.98s)
[Licensing::Module] Error: Access token is unavailable; failed to update
[Licensing::Client] Error: Code 500 while processing request (status: Unable to update licenses. Errors: No ULF license found.,Token not found in cache)
[Licensing::Client] Error: Code 500 while updating license in client (status: Unable to update licenses. Errors: No ULF license found.,Token not found in cache)
[Licensing::Client] Successfully resolved entitlement details
[Licensing::Module] Serial number assigned to: "3574078385837-UnityPersXXXX"
Pro License: NO
[Licensing::Client] Successfully resolved entitlement details
Launching external process: /Applications/Unity/Hub/Editor/2022.3.62f3/Unity.app/Contents/Resources/PackageManager/Server/UnityPackageManager

COMMAND LINE ARGUMENTS:
/Applications/Unity/Hub/Editor/2022.3.62f3/Unity.app/Contents/MacOS/Unity
-batchmode
-nographics
-quit
-projectPath
/Users/koren/Documents/KorenResourcePack/KorenResourcePack-Unity
-executeMethod
CreateAssetBundle.BuildAllAssetBundles
-logFile
/Users/koren/Documents/KorenResourcePack/.unity-build.log
Successfully changed project path to: /Users/koren/Documents/KorenResourcePack/KorenResourcePack-Unity
/Users/koren/Documents/KorenResourcePack/KorenResourcePack-Unity
[UnityMemory] Configuration Parameters - Can be set up in boot.config
    "memorysetup-bucket-allocator-granularity=16"
    "memorysetup-bucket-allocator-bucket-count=8"
    "memorysetup-bucket-allocator-block-size=33554432"
    "memorysetup-bucket-allocator-block-count=8"
    "memorysetup-main-allocator-block-size=16777216"
    "memorysetup-thread-allocator-block-size=16777216"
    "memorysetup-gfx-main-allocator-block-size=16777216"
    "memorysetup-gfx-thread-allocator-block-size=16777216"
    "memorysetup-cache-allocator-block-size=4194304"
    "memorysetup-typetree-allocator-block-size=2097152"
    "memorysetup-profiler-bucket-allocator-granularity=16"
    "memorysetup-profiler-bucket-allocator-bucket-count=8"
    "memorysetup-profiler-bucket-allocator-block-size=33554432"
    "memorysetup-profiler-bucket-allocator-block-count=8"
    "memorysetup-profiler-allocator-block-size=16777216"
    "memorysetup-profiler-editor-allocator-block-size=1048576"
    "memorysetup-temp-allocator-size-main=16777216"
    "memorysetup-job-temp-allocator-block-size=2097152"
    "memorysetup-job-temp-allocator-block-size-background=1048576"
    "memorysetup-job-temp-allocator-reduction-small-platforms=262144"
    "memorysetup-allocator-temp-initial-block-size-main=262144"
    "memorysetup-allocator-temp-initial-block-size-worker=262144"
    "memorysetup-temp-allocator-size-background-worker=32768"
    "memorysetup-temp-allocator-size-job-worker=262144"
    "memorysetup-temp-allocator-size-preload-manager=33554432"
    "memorysetup-temp-allocator-size-nav-mesh-worker=65536"
    "memorysetup-temp-allocator-size-audio-worker=65536"
    "memorysetup-temp-allocator-size-cloud-worker=32768"
    "memorysetup-temp-allocator-size-gi-baking-worker=262144"
    "memorysetup-temp-allocator-size-gfx=262144"
Player connection [8283117760]  Target information:

Player connection [8283117760]  * "[IP] 10.206.191.239 [Port] 55504 [Flags] 2 [Guid] 4230193556 [EditorId] 4230193556 [Version] 1048832 [Id] OSXEditor(0,Korens-MacBook-Pro.local) [Debug] 1 [PackageName] OSXEditor [ProjectName] Editor" 

Player connection [8283117760]  * "[IP] 192.168.0.4 [Port] 55504 [Flags] 2 [Guid] 4230193556 [EditorId] 4230193556 [Version] 1048832 [Id] OSXEditor(0,Korens-MacBook-Pro.local) [Debug] 1 [PackageName] OSXEditor [ProjectName] Editor" 

Player connection [8283117760] Host joined multi-casting on [225.0.0.222:54997]...
Player connection [8283117760] Host joined alternative multi-casting on [225.0.0.222:34997]...
Input System module state changed to: Initialized.
[PhysX] Initialized MultithreadedTaskDispatcher with 12 workers.
[Package Manager] UpmClient::Connect -- Connected to IPC stream "Upm-84629" after 1.2 seconds.
[Package Manager] Restoring resolved packages state from cache
[Licensing::Client] Successfully resolved entitlement details
[Package Manager] Registered 12 packages:
  Packages from [https://packages.unity.com]:
    com.unity.textmeshpro@3.0.7 (location: /Users/koren/Documents/KorenResourcePack/KorenResourcePack-Unity/Library/PackageCache/com.unity.textmeshpro@3.0.7)
    com.unity.toolchain.macos-arm64-linux-x86_64@2.0.5 (location: /Users/koren/Documents/KorenResourcePack/KorenResourcePack-Unity/Library/PackageCache/com.unity.toolchain.macos-arm64-linux-x86_64@2.0.5)
    com.unity.sysroot@2.0.10 (location: /Users/koren/Documents/KorenResourcePack/KorenResourcePack-Unity/Library/PackageCache/com.unity.sysroot@2.0.10)
    com.unity.sysroot.linux-x86_64@2.0.9 (location: /Users/koren/Documents/KorenResourcePack/KorenResourcePack-Unity/Library/PackageCache/com.unity.sysroot.linux-x86_64@2.0.9)
  Built-in packages:
    com.unity.ugui@1.0.0 (location: /Users/koren/Documents/KorenResourcePack/KorenResourcePack-Unity/Library/PackageCache/com.unity.ugui@1.0.0)
    com.unity.modules.assetbundle@1.0.0 (location: /Users/koren/Documents/KorenResourcePack/KorenResourcePack-Unity/Library/PackageCache/com.unity.modules.assetbundle@1.0.0)
    com.unity.modules.imageconversion@1.0.0 (location: /Users/koren/Documents/KorenResourcePack/KorenResourcePack-Unity/Library/PackageCache/com.unity.modules.imageconversion@1.0.0)
    com.unity.modules.jsonserialize@1.0.0 (location: /Users/koren/Documents/KorenResourcePack/KorenResourcePack-Unity/Library/PackageCache/com.unity.modules.jsonserialize@1.0.0)
    com.unity.modules.physics@1.0.0 (location: /Users/koren/Documents/KorenResourcePack/KorenResourcePack-Unity/Library/PackageCache/com.unity.modules.physics@1.0.0)
    com.unity.modules.ui@1.0.0 (location: /Users/koren/Documents/KorenResourcePack/KorenResourcePack-Unity/Library/PackageCache/com.unity.modules.ui@1.0.0)
    com.unity.modules.uielements@1.0.0 (location: /Users/koren/Documents/KorenResourcePack/KorenResourcePack-Unity/Library/PackageCache/com.unity.modules.uielements@1.0.0)
    com.unity.modules.imgui@1.0.0 (location: /Users/koren/Documents/KorenResourcePack/KorenResourcePack-Unity/Library/PackageCache/com.unity.modules.imgui@1.0.0)
[Subsystems] No new subsystems found in resolved package list.
Package Manager log level set to [2]
[Package Manager] Done registering packages in 0.11 seconds
Artifact Garbage Collection - Removed 2 unused hashed content files
Refreshing native plugins compatible for Editor in 0.00 ms, found 0 plugins.
Preloading 0 native plugins for Editor in 0.00 ms.
Initialize engine version: 2022.3.62f3 (96770f904ca7)
[Subsystems] Discovering subsystems at path /Applications/Unity/Hub/Editor/2022.3.62f3/Unity.app/Contents/Resources/UnitySubsystems
[Subsystems] Discovering subsystems at path /Users/koren/Documents/KorenResourcePack/KorenResourcePack-Unity/Assets
Forcing GfxDevice: Null
GfxDevice: creating device client; threaded=0; jobified=0
NullGfxDevice:
    Version:  NULL 1.0 [1.0]
    Renderer: Null Device
    Vendor:   Unity Technologies
[Licensing::Client] Successfully resolved entitlement details
Initialize mono
Mono path[0] = '/Applications/Unity/Hub/Editor/2022.3.62f3/Unity.app/Contents/Managed'
Mono path[1] = '/Applications/Unity/Hub/Editor/2022.3.62f3/Unity.app/Contents/MonoBleedingEdge/lib/mono/unityjit-macos'
Mono config path = '/Applications/Unity/Hub/Editor/2022.3.62f3/Unity.app/Contents/MonoBleedingEdge/etc'
Using monoOptions --debugger-agent=transport=dt_socket,embedding=1,server=y,suspend=n,address=127.0.0.1:56629
Using cacheserver namespaces - metadata:defaultmetadata, artifacts:defaultartifacts
Using cacheserver namespaces - metadata:defaultmetadata, artifacts:defaultartifacts
ImportWorker Server TCP listen port: 0
Begin MonoManager ReloadAssembly
Registering precompiled unity dll's ...
Register platform support module: /Applications/Unity/Hub/Editor/2022.3.62f3/PlaybackEngines/WebGLSupport/UnityEditor.WebGL.Extensions.dll
Register platform support module: /Applications/Unity/Hub/Editor/2022.3.62f3/Unity.app/Contents/PlaybackEngines/MacStandaloneSupport/UnityEditor.OSXStandalone.Extensions.dll
Register platform support module: /Applications/Unity/Hub/Editor/2022.3.62f3/PlaybackEngines/WindowsStandaloneSupport/UnityEditor.WindowsStandalone.Extensions.dll
Register platform support module: /Applications/Unity/Hub/Editor/2022.3.62f3/PlaybackEngines/LinuxStandaloneSupport/UnityEditor.LinuxStandalone.Extensions.dll
Registered in 0.004518 seconds.
- Loaded All Assemblies, in  0.236 seconds
Native extension for LinuxStandalone target not found
Native extension for WindowsStandalone target not found
Native extension for OSXStandalone target not found
Native extension for WebGL target not found
Mono: successfully reloaded assembly
- Finished resetting the current domain, in  0.148 seconds
Domain Reload Profiling: 384ms
	BeginReloadAssembly (87ms)
		ExecutionOrderSort (0ms)
		DisableScriptedObjects (0ms)
		BackupInstance (0ms)
		ReleaseScriptingObjects (0ms)
		CreateAndSetChildDomain (0ms)
	RebuildCommonClasses (25ms)
	RebuildNativeTypeToScriptingClass (5ms)
	initialDomainReloadingComplete (32ms)
	LoadAllAssembliesAndSetupDomain (86ms)
		LoadAssemblies (89ms)
		RebuildTransferFunctionScriptingTraits (0ms)
		AnalyzeDomain (81ms)
			TypeCache.Refresh (80ms)
				TypeCache.ScanAssembly (68ms)
			ScanForSourceGeneratedMonoScriptInfo (0ms)
			ResolveRequiredComponents (1ms)
	FinalizeReload (149ms)
		ReleaseScriptCaches (0ms)
		RebuildScriptCaches (0ms)
		SetupLoadedEditorAssemblies (124ms)
			LogAssemblyErrors (0ms)
			InitializePlatformSupportModulesInManaged (32ms)
			SetLoadedEditorAssemblies (4ms)
			RefreshPlugins (0ms)
			BeforeProcessingInitializeOnLoad (1ms)
			ProcessInitializeOnLoadAttributes (66ms)
			ProcessInitializeOnLoadMethodAttributes (20ms)
			AfterProcessingInitializeOnLoad (0ms)
			EditorAssembliesLoaded (0ms)
		ExecutionOrderSort2 (0ms)
		AwakeInstancesAfterBackupRestoration (0ms)
[Licensing::Client] Successfully resolved entitlement details
Application.AssetDatabase Initial Refresh Start
[40m[32minfo[39m[22m[49m: Microsoft.Hosting.Lifetime[14]
      Now listening on: http://unix:/tmp/ilpp.sock-8fbb194a70f2a3de9177aa073f38f919
[40m[32minfo[39m[22m[49m: Microsoft.Hosting.Lifetime[0]
      Application started. Press Ctrl+C to shut down.
[40m[32minfo[39m[22m[49m: Microsoft.Hosting.Lifetime[0]
      Hosting environment: Production
[40m[32minfo[39m[22m[49m: Microsoft.Hosting.Lifetime[0]
      Content root path: /Users/koren/Documents/KorenResourcePack/KorenResourcePack-Unity/
[40m[32minfo[39m[22m[49m: Microsoft.AspNetCore.Hosting.Diagnostics[1]
      Request starting HTTP/2 POST http://ilpp/UnityILPP.PostProcessing/Ping application/grpc -
[40m[32minfo[39m[22m[49m: Microsoft.AspNetCore.Routing.EndpointMiddleware[0]
      Executing endpoint 'gRPC - /UnityILPP.PostProcessing/Ping'
[40m[32minfo[39m[22m[49m: Microsoft.AspNetCore.Routing.EndpointMiddleware[1]
      Executed endpoint 'gRPC - /UnityILPP.PostProcessing/Ping'
[40m[32minfo[39m[22m[49m: Microsoft.AspNetCore.Hosting.Diagnostics[2]
      Request finished HTTP/2 POST http://ilpp/UnityILPP.PostProcessing/Ping application/grpc - - 200 - application/grpc 33.6842ms
Starting: /Applications/Unity/Hub/Editor/2022.3.62f3/Unity.app/Contents/bee_backend --ipc --defer-dag-verification --dagfile="Library/Bee/200b0aE.dag" --continue-on-failure --profile="Library/Bee/backend1.traceevents" ScriptAssemblies
WorkingDir: /Users/koren/Documents/KorenResourcePack/KorenResourcePack-Unity
DisplayProgressbar: Compiling Scripts
ExitCode: 0 Duration: 0s43ms
*** Tundra build success (0.03 seconds), 0 items updated, 170 evaluated
AssetDatabase: script compilation time: 0.605160s
Begin MonoManager ReloadAssembly
Total cache size 116413484
Total cache size after purge 116413484
- Loaded All Assemblies, in  0.107 seconds
Refreshing native plugins compatible for Editor in 0.00 ms, found 0 plugins.
Preloading 0 native plugins for Editor in 0.00 ms.
Refreshing native plugins compatible for Editor in 0.00 ms, found 0 plugins.
Native extension for LinuxStandalone target not found
Native extension for WindowsStandalone target not found
Native extension for OSXStandalone target not found
Native extension for WebGL target not found
Mono: successfully reloaded assembly
- Finished resetting the current domain, in  0.160 seconds
Domain Reload Profiling: 268ms
	BeginReloadAssembly (61ms)
		ExecutionOrderSort (0ms)
		DisableScriptedObjects (2ms)
		BackupInstance (0ms)
		ReleaseScriptingObjects (0ms)
		CreateAndSetChildDomain (13ms)
	RebuildCommonClasses (16ms)
	RebuildNativeTypeToScriptingClass (5ms)
	initialDomainReloadingComplete (9ms)
	LoadAllAssembliesAndSetupDomain (16ms)
		LoadAssemblies (37ms)
		RebuildTransferFunctionScriptingTraits (0ms)
		AnalyzeDomain (9ms)
			TypeCache.Refresh (7ms)
				TypeCache.ScanAssembly (3ms)
			ScanForSourceGeneratedMonoScriptInfo (1ms)
			ResolveRequiredComponents (1ms)
	FinalizeReload (160ms)
		ReleaseScriptCaches (0ms)
		RebuildScriptCaches (0ms)
		SetupLoadedEditorAssemblies (105ms)
			LogAssemblyErrors (0ms)
			InitializePlatformSupportModulesInManaged (18ms)
			SetLoadedEditorAssemblies (3ms)
			RefreshPlugins (0ms)
			BeforeProcessingInitializeOnLoad (15ms)
			ProcessInitializeOnLoadAttributes (59ms)
			ProcessInitializeOnLoadMethodAttributes (9ms)
			AfterProcessingInitializeOnLoad (1ms)
			EditorAssembliesLoaded (0ms)
		ExecutionOrderSort2 (0ms)
		AwakeInstancesAfterBackupRestoration (2ms)
Asset Pipeline Refresh (id=db5c3e8cc7beb451b94339f5ccb8d649): Total: 1.055 seconds - Initiated by InitialRefreshV2(ForceSynchronousImport)
	Summary:
		Imports: total=0 (actual=0, local cache=0, cache server=0)
		Asset DB Process Time: managed=0 ms, native=166 ms
		Asset DB Callback time: managed=6 ms, native=0 ms
		Scripting: domain reloads=1, domain reload time=271 ms, compile time=606 ms, other=3 ms
		Project Asset Count: scripts=524, non-scripts=213
		Asset File Changes: new=0, changed=0, moved=0, deleted=0
		Scan Filter Count: 1
	InvokeBeforeRefreshCallbacks: 0.311ms
	ApplyChangesToAssetFolders: 0.019ms
	Scan: 40.233ms
	OnSourceAssetsModified: 0.001ms
	GetAllGuidsForCategorization: 0.044ms
	CategorizeAssets: 5.093ms
	ImportOutOfDateAssets: 161.777ms (-445.848ms without children)
		CompileScripts: 606.380ms
		ReloadNativeAssets: 0.000ms
		UnloadImportedAssets: 0.818ms
		EnsureUptoDateAssetsAreRegisteredWithGuidPM: 0.111ms
		InitializingProgressBar: 0.000ms
		PostProcessAllAssetNotificationsAddChangedAssets: 0.000ms
		OnDemandSchedulerStart: 0.316ms
	PostProcessAllAssets: 6.268ms
	GatherAllCurrentPrimaryArtifactRevisions: 0.010ms
	UnloadStreamsBegin: 0.358ms
	PersistCurrentRevisions: 0.015ms
	UnloadStreamsEnd: 0.004ms
	GenerateScriptTypeHashes: 0.423ms
	Untracked: 840.458ms
Application.AssetDatabase Initial Refresh End
Scanning for USB devices : 0.389ms
Initializing Unity extensions:
[Licensing::Client] Successfully resolved entitlement details
[MODES] ModeService[none].Initialize
[MODES] ModeService[none].LoadModes
[MODES] Loading mode Default (0) for mode-current-id-KorenResourcePack-Unity
[PhysX] Initialized MultithreadedTaskDispatcher with 12 workers.
ProgressiveSceneManager::Cancel()
-- Listing OpenCL platforms(s) --
 * OpenCL platform 0
	PROFILE = FULL_PROFILE
	VERSION = OpenCL 1.2 (Feb 21 2026 17:15:10)
	NAME = Apple
	VENDOR = Apple
-- Listing OpenCL device(s) --
 * OpenCL platform 0, device 0 
	DEVICE_TYPE = 4
	DEVICE_NAME = Apple M4 Pro
	DEVICE_VENDOR = Apple
	DEVICE_VERSION = OpenCL 1.2 
	DRIVER_VERSION = 1.2 1.0
	DEVICE_MAX_COMPUTE_UNITS = 16
	DEVICE_MAX_CLOCK_FREQUENCY = 1000
	CL_DEVICE_MAX_CONSTANT_BUFFER_SIZE = 1073741824
	CL_DEVICE_HOST_UNIFIED_MEMORY = true
	CL_DEVICE_MAX_MEM_ALLOC_SIZE = 3575562240
	DEVICE_GLOBAL_MEM_SIZE = 19069665280
-- GPU Progressive lightmapper will use OpenCL device 'Apple M4 Pro' from 'Apple'--
   use -OpenCL-PlatformAndDeviceIndices <platformIdx> <deviceIdx> as command line arguments if you want to select a specific adapter for OpenCL.
Unloading 3 Unused Serialized files (Serialized files now loaded: 0)
Unloading 14 unused Assets / (370.4 KB). Loaded Objects now: 905.
Memory consumption went from 86.7 MB to 86.3 MB.
Total: 13.542958 ms (FindLiveObjects: 0.032917 ms CreateObjectMapping: 0.007042 ms MarkObjects: 13.334625 ms  DeleteObjects: 0.167958 ms)

Asset Pipeline Refresh (id=4ad0820689ce84f0f818883d35b61d45): Total: 0.042 seconds - Initiated by RefreshV2(NoUpdateAssetOptions)
Asset Pipeline Refresh (id=92d2383933287452f95a9d24ff2cb2b1): Total: 0.041 seconds - Initiated by RefreshV2(NoUpdateAssetOptions)
Start importing Assets/Font/Nostalgic Letter.ttf using Guid(43214297070204f209e503a9ed189cbd) Importer(-1,00000000000000000000000000000000) [PhysX] Initialized MultithreadedTaskDispatcher with 12 workers.
 -> (artifact id: '4a73c516095e1200368de4696dc89669') in 0.008061 seconds
Start importing Assets/TextMesh Pro/Fonts/LiberationSans.ttf using Guid(e3265ab4bf004d28a9537516768c1c75) Importer(-1,00000000000000000000000000000000) [PhysX] Initialized MultithreadedTaskDispatcher with 12 workers.
 -> (artifact id: '8c0d20233832e71e24cc5ddc65642876') in 0.149816 seconds
Start importing Assets/Font/Maplestory Bold.ttf using Guid(459c82bccc321429a82988b9b5647445) Importer(-1,00000000000000000000000000000000) [PhysX] Initialized MultithreadedTaskDispatcher with 12 workers.
 -> (artifact id: 'feeedce9c136c365d385982c95244680') in 4.200560 seconds
Start importing Assets/Font/FiraCode-Regular.ttf using Guid(e5d88f74a9d9042fe9219e40c2019dde) Importer(-1,00000000000000000000000000000000) [PhysX] Initialized MultithreadedTaskDispatcher with 12 workers.
 -> (artifact id: '1f9834cca4e11c8460f8818676e3ab20') in 0.001743 seconds
Start importing Assets/Font/Super Mindset.ttf using Guid(d6e432fde9c9a46a49a9c60f13b943b0) Importer(-1,00000000000000000000000000000000) [PhysX] Initialized MultithreadedTaskDispatcher with 12 workers.
 -> (artifact id: '6fe7f1ccc404b1d47fce51deba093cae') in 0.001592 seconds
Start importing Assets/TextMesh Pro/Examples & Extras/Fonts/Anton.ttf using Guid(997a43b767814dd0a7642ec9b78cba41) Importer(-1,00000000000000000000000000000000) [PhysX] Initialized MultithreadedTaskDispatcher with 12 workers.
 -> (artifact id: 'b8b9e40a70bbad1e55e8763167372d62') in 0.001188 seconds
Start importing Assets/TextMesh Pro/Examples & Extras/Fonts/Oswald-Bold.ttf using Guid(c9f6d0e7bc8541498c9a4799ba184ede) Importer(-1,00000000000000000000000000000000) [PhysX] Initialized MultithreadedTaskDispatcher with 12 workers.
 -> (artifact id: '0c811defb4a3dc48d66b9d1792c846f2') in 0.001133 seconds
Start importing Assets/TextMesh Pro/Examples & Extras/Fonts/Electronic Highway Sign.TTF using Guid(8a2b9e2a607dd2143b58c44bc32410b4) Importer(-1,00000000000000000000000000000000) [PhysX] Initialized MultithreadedTaskDispatcher with 12 workers.
 -> (artifact id: '6645f7bf3ea1a98a3d352958f3e0bc5c') in 0.001070 seconds
Start importing Assets/Font/Darkella Demo.ttf using Guid(1b846ce6f9f3c451ab8e5d2ebb36775f) Importer(-1,00000000000000000000000000000000) [PhysX] Initialized MultithreadedTaskDispatcher with 12 workers.
 -> (artifact id: 'b299a1793b0e898a783eb85bb255b408') in 0.001051 seconds
Start importing Assets/TextMesh Pro/Examples & Extras/Fonts/Roboto-Bold.ttf using Guid(4beb055f07aaff244873dec698d0363e) Importer(-1,00000000000000000000000000000000) [PhysX] Initialized MultithreadedTaskDispatcher with 12 workers.
 -> (artifact id: 'ed4f1f1bf56899dfe44ea4de44f099b1') in 0.001284 seconds
Start importing Assets/Font/ComicNeueSansID.ttf using Guid(dc85eb787ed354dd4a09e59e4aa9e816) Importer(-1,00000000000000000000000000000000) [PhysX] Initialized MultithreadedTaskDispatcher with 12 workers.
 -> (artifact id: '66ad89acec2ef8d791ffa97313c3acb4') in 0.001053 seconds
Start importing Assets/TextMesh Pro/Examples & Extras/Fonts/Bangers.ttf using Guid(5dd49b3eacc540408c98eee0de38e0f1) Importer(-1,00000000000000000000000000000000) [PhysX] Initialized MultithreadedTaskDispatcher with 12 workers.
 -> (artifact id: 'bb73a98b584b5e6ea37afa39a5eec463') in 0.000747 seconds
Start importing Assets/Font/JetBrainsMono-Regular.ttf using Guid(afe480ca9a9994bfe8c58149d5d2b4ab) Importer(-1,00000000000000000000000000000000) [PhysX] Initialized MultithreadedTaskDispatcher with 12 workers.
 -> (artifact id: 'c8739761f73e98096ef470f2dda317ad') in 0.001262 seconds
Start importing Assets/Font/Matcha Cih.ttf using Guid(cfa0af4e15e7c4420a150b0f9237ea84) Importer(-1,00000000000000000000000000000000) [PhysX] Initialized MultithreadedTaskDispatcher with 12 workers.
 -> (artifact id: '7623d6aff7660fce6e8584d243571d81') in 0.003189 seconds
Refreshing native plugins compatible for Editor in 0.00 ms, found 0 plugins.
Preloading 0 native plugins for Editor in 0.00 ms.
Asset Pipeline Refresh (id=38d3933cda0e84e8982ac92f041dd57f): Total: 4.450 seconds - Initiated by RefreshV2(NoUpdateAssetOptions)
	Summary:
		Imports: total=14 (actual=14, local cache=0, cache server=0)
		Asset DB Process Time: managed=1 ms, native=4433 ms
		Asset DB Callback time: managed=14 ms, native=0 ms
		Scripting: domain reloads=0, domain reload time=0 ms, compile time=0 ms, other=0 ms
		Project Asset Count: scripts=524, non-scripts=213
		Asset File Changes: new=0, changed=0, moved=0, deleted=0
		Scan Filter Count: 1
	InvokeBeforeRefreshCallbacks: 0.000ms
	ApplyChangesToAssetFolders: 0.011ms
	Scan: 46.878ms
	OnSourceAssetsModified: 0.000ms
	GetAllGuidsForCategorization: 0.018ms
	CategorizeAssets: 1.682ms
	ImportOutOfDateAssets: 4378.964ms (0.065ms without children)
		ImportManagerImport: 4378.730ms (0.918ms without children)
			ImportInProcess: 4377.756ms
			UpdateCategorizedAssets: 0.055ms
		ReloadNativeAssets: 0.000ms
		UnloadImportedAssets: 0.005ms
		ReloadImportedAssets: 0.001ms
		EnsureUptoDateAssetsAreRegisteredWithGuidPM: 0.049ms
		InitializingProgressBar: 0.004ms
		PostProcessAllAssetNotificationsAddChangedAssets: 0.000ms
		OnDemandSchedulerStart: 0.108ms
	PostProcessAllAssets: 14.781ms
	Hotreload: 0.194ms
	GatherAllCurrentPrimaryArtifactRevisions: 0.019ms
	UnloadStreamsBegin: 0.022ms
	PersistCurrentRevisions: 0.057ms
	UnloadStreamsEnd: 0.001ms
	Untracked: 7.605ms
Asset Pipeline Refresh (id=60e913191f4974bb5905c654b0dcefb7): Total: 0.014 seconds - Initiated by RefreshV2(NoUpdateAssetOptions)
Asset Pipeline Refresh (id=fc04cf28faef542d39d5947e8902f755): Total: 0.015 seconds - Initiated by RefreshV2(NoUpdateAssetOptions)
Launching external process: /Applications/Unity/Hub/Editor/2022.3.62f3/Unity.app/Contents/Tools/UnityShaderCompiler
Launched and connected shader compiler UnityShaderCompiler after 0.04 seconds

***Player size statistics***
Total compressed size 1.0 KB. Total uncompressed size 4.1 KB.
Start importing Assets/Font/Nostalgic Letter.ttf using Guid(43214297070204f209e503a9ed189cbd) Importer(-1,00000000000000000000000000000000) [PhysX] Initialized MultithreadedTaskDispatcher with 12 workers.
 -> (artifact id: '3f67f1360ab27ab8421432fa929481b0') in 0.000936 seconds
Start importing Assets/TextMesh Pro/Fonts/LiberationSans.ttf using Guid(e3265ab4bf004d28a9537516768c1c75) Importer(-1,00000000000000000000000000000000) [PhysX] Initialized MultithreadedTaskDispatcher with 12 workers.
 -> (artifact id: '6b7fa8521b5bc302f7f7caea4f32a817') in 0.148832 seconds
Start importing Assets/Font/Maplestory Bold.ttf using Guid(459c82bccc321429a82988b9b5647445) Importer(-1,00000000000000000000000000000000) [PhysX] Initialized MultithreadedTaskDispatcher with 12 workers.
 -> (artifact id: '5363cb0f96a6c2aa8dd7da3d7e206653') in 4.193942 seconds
Start importing Assets/Font/FiraCode-Regular.ttf using Guid(e5d88f74a9d9042fe9219e40c2019dde) Importer(-1,00000000000000000000000000000000) [PhysX] Initialized MultithreadedTaskDispatcher with 12 workers.
 -> (artifact id: 'ef53a81db63875b16f49f583945604e4') in 0.001112 seconds
Start importing Assets/Font/Super Mindset.ttf using Guid(d6e432fde9c9a46a49a9c60f13b943b0) Importer(-1,00000000000000000000000000000000) [PhysX] Initialized MultithreadedTaskDispatcher with 12 workers.
 -> (artifact id: 'a220aeaed9f43e8742b36bc7269def89') in 0.000785 seconds
Start importing Assets/TextMesh Pro/Examples & Extras/Fonts/Anton.ttf using Guid(997a43b767814dd0a7642ec9b78cba41) Importer(-1,00000000000000000000000000000000) [PhysX] Initialized MultithreadedTaskDispatcher with 12 workers.
 -> (artifact id: '70d92276a4c92a5d7545479c61cd91c6') in 0.000425 seconds
Start importing Assets/TextMesh Pro/Examples & Extras/Fonts/Oswald-Bold.ttf using Guid(c9f6d0e7bc8541498c9a4799ba184ede) Importer(-1,00000000000000000000000000000000) [PhysX] Initialized MultithreadedTaskDispatcher with 12 workers.
 -> (artifact id: '022e22f758eb7197ffb1865fa000060c') in 0.000353 seconds
Start importing Assets/TextMesh Pro/Examples & Extras/Fonts/Electronic Highway Sign.TTF using Guid(8a2b9e2a607dd2143b58c44bc32410b4) Importer(-1,00000000000000000000000000000000) [PhysX] Initialized MultithreadedTaskDispatcher with 12 workers.
 -> (artifact id: '1876b8f237d8f676a4ffbf035eabe87d') in 0.000527 seconds
Start importing Assets/Font/Darkella Demo.ttf using Guid(1b846ce6f9f3c451ab8e5d2ebb36775f) Importer(-1,00000000000000000000000000000000) [PhysX] Initialized MultithreadedTaskDispatcher with 12 workers.
 -> (artifact id: '3113cfd5d5ddcf94e1b9550c1b009788') in 0.000327 seconds
Start importing Assets/TextMesh Pro/Examples & Extras/Fonts/Roboto-Bold.ttf using Guid(4beb055f07aaff244873dec698d0363e) Importer(-1,00000000000000000000000000000000) [PhysX] Initialized MultithreadedTaskDispatcher with 12 workers.
 -> (artifact id: '15809a75ae3843dc16e2e11ff65e4e7c') in 0.000435 seconds
Start importing Assets/Font/ComicNeueSansID.ttf using Guid(dc85eb787ed354dd4a09e59e4aa9e816) Importer(-1,00000000000000000000000000000000) [PhysX] Initialized MultithreadedTaskDispatcher with 12 workers.
 -> (artifact id: '7692e210987ea296e026fe7744292d7c') in 0.000529 seconds
Start importing Assets/TextMesh Pro/Examples & Extras/Fonts/Bangers.ttf using Guid(5dd49b3eacc540408c98eee0de38e0f1) Importer(-1,00000000000000000000000000000000) [PhysX] Initialized MultithreadedTaskDispatcher with 12 workers.
 -> (artifact id: '93bfcb472fabe945130e48958c287657') in 0.000353 seconds
Start importing Assets/Font/JetBrainsMono-Regular.ttf using Guid(afe480ca9a9994bfe8c58149d5d2b4ab) Importer(-1,00000000000000000000000000000000) [PhysX] Initialized MultithreadedTaskDispatcher with 12 workers.
 -> (artifact id: 'bd39899075d38db57f5709e2517fda4b') in 0.000545 seconds
Start importing Assets/Font/Matcha Cih.ttf using Guid(cfa0af4e15e7c4420a150b0f9237ea84) Importer(-1,00000000000000000000000000000000) [PhysX] Initialized MultithreadedTaskDispatcher with 12 workers.
 -> (artifact id: '5c36e919b0cbe1c108472bd4ba091a66') in 0.002654 seconds
Refreshing native plugins compatible for Editor in 0.00 ms, found 0 plugins.
Preloading 0 native plugins for Editor in 0.00 ms.
Asset Pipeline Refresh (id=cced8af1d40b8403fa9cf7d193df7f84): Total: 4.388 seconds - Initiated by RefreshV2(NoUpdateAssetOptions)
	Summary:
		Imports: total=14 (actual=14, local cache=0, cache server=0)
		Asset DB Process Time: managed=0 ms, native=4387 ms
		Asset DB Callback time: managed=0 ms, native=0 ms
		Scripting: domain reloads=0, domain reload time=0 ms, compile time=0 ms, other=0 ms
		Project Asset Count: scripts=524, non-scripts=213
		Asset File Changes: new=0, changed=0, moved=0, deleted=0
		Scan Filter Count: 1
	InvokeBeforeRefreshCallbacks: 0.000ms
	ApplyChangesToAssetFolders: 0.013ms
	Scan: 24.524ms
	OnSourceAssetsModified: 0.000ms
	GetAllGuidsForCategorization: 0.018ms
	CategorizeAssets: 1.527ms
	ImportOutOfDateAssets: 4354.602ms (0.083ms without children)
		ImportManagerImport: 4354.354ms (0.298ms without children)
			ImportInProcess: 4354.002ms
			UpdateCategorizedAssets: 0.053ms
		ReloadNativeAssets: 0.000ms
		UnloadImportedAssets: 0.004ms
		ReloadImportedAssets: 0.000ms
		EnsureUptoDateAssetsAreRegisteredWithGuidPM: 0.045ms
		InitializingProgressBar: 0.003ms
		PostProcessAllAssetNotificationsAddChangedAssets: 0.001ms
		OnDemandSchedulerStart: 0.113ms
	PostProcessAllAssets: 0.517ms
	Hotreload: 0.042ms
	GatherAllCurrentPrimaryArtifactRevisions: 0.016ms
	UnloadStreamsBegin: 0.020ms
	PersistCurrentRevisions: 0.051ms
	UnloadStreamsEnd: 0.001ms
	Untracked: 7.040ms
Asset Pipeline Refresh (id=4edd6894bba3c4709862355b0f384fcf): Total: 0.018 seconds - Initiated by RefreshV2(NoUpdateAssetOptions)
Asset Pipeline Refresh (id=3c7b641cf52f24b4299f3b35dae3fcbd): Total: 0.014 seconds - Initiated by RefreshV2(NoUpdateAssetOptions)
Unloading 0 Unused Serialized files (Serialized files now loaded: 0)
Unloading 12 unused Assets / (4.1 KB). Loaded Objects now: 950.
Memory consumption went from 85.8 MB to 85.8 MB.
Total: 1.826958 ms (FindLiveObjects: 0.032334 ms CreateObjectMapping: 0.007416 ms MarkObjects: 1.766250 ms  DeleteObjects: 0.020625 ms)


-------------------------------------------------------------------------------
Bundle Name: BuiltAssetBundles
Compressed Size:1.0 kb
Uncompressed usage by category (Percentages based on user generated assets only):
Textures               0.0 kb	 0.0% 
Meshes                 0.0 kb	 0.0% 
Animations             0.0 kb	 0.0% 
Sounds                 0.0 kb	 0.0% 
Shaders                0.0 kb	 0.0% 
Other Assets           0.2 kb	 4.6% 
Levels                 0.0 kb	 0.0% 
Scripts                0.0 kb	 0.0% 
Included DLLs          0.0 kb	 0.0% 
File headers           3.9 kb	 95.4% 
Total User Assets      4.1 kb	 100.0% 
Complete build size    4.1 kb
Used Assets and files from the Resources folder, sorted by uncompressed size:
 0.1 kb	 2.5% AssetBundle Object
 0.1 kb	 2.2% Built-in AssetBundleManifest: AssetBundleManifest
-------------------------------------------------------------------------------
[KorenResourcePack] Windows (→ BuiltAssetBundles/): **korenresourcepackbundle** → /Users/koren/Documents/KorenResourcePack/KorenResourcePack-Unity/BuiltAssetBundles/korenresourcepackbundle (6272015 bytes)
UnityEngine.StackTraceUtility:ExtractStackTrace () (at /Users/bokken/build/output/unity/unity/Runtime/Export/Scripting/StackTrace.cs:37)
UnityEngine.DebugLogHandler:LogFormat (UnityEngine.LogType,UnityEngine.Object,string,object[])
UnityEngine.Logger:Log (UnityEngine.LogType,object)
UnityEngine.Debug:Log (object)
CreateAssetBundle:LogBundleOutput (string,string) (at Assets/Editor/CreateAssetBundles.cs:188)
CreateAssetBundle:TryBuildForTarget (string,UnityEditor.BuildTarget,string) (at Assets/Editor/CreateAssetBundles.cs:172)
CreateAssetBundle:BuildAllAssetBundles () (at Assets/Editor/CreateAssetBundles.cs:82)

(Filename: Assets/Editor/CreateAssetBundles.cs Line: 188)

Start importing Assets/Font/Nostalgic Letter.ttf using Guid(43214297070204f209e503a9ed189cbd) Importer(-1,00000000000000000000000000000000) [PhysX] Initialized MultithreadedTaskDispatcher with 12 workers.
 -> (artifact id: '676f8af9a6df70973a3666068f17b69e') in 0.001074 seconds
Start importing Assets/TextMesh Pro/Fonts/LiberationSans.ttf using Guid(e3265ab4bf004d28a9537516768c1c75) Importer(-1,00000000000000000000000000000000) [PhysX] Initialized MultithreadedTaskDispatcher with 12 workers.
 -> (artifact id: '9abc12f57ec0a1fa924f21583c13fdff') in 0.149866 seconds
Start importing Assets/Font/Maplestory Bold.ttf using Guid(459c82bccc321429a82988b9b5647445) Importer(-1,00000000000000000000000000000000) [PhysX] Initialized MultithreadedTaskDispatcher with 12 workers.
 -> (artifact id: 'a98f3d2a1a755f0c01fc67b3cdaaee75') in 4.193439 seconds
Start importing Assets/Font/FiraCode-Regular.ttf using Guid(e5d88f74a9d9042fe9219e40c2019dde) Importer(-1,00000000000000000000000000000000) [PhysX] Initialized MultithreadedTaskDispatcher with 12 workers.
 -> (artifact id: 'a8485ea852fbbe5beba70f28bd81b2f5') in 0.000916 seconds
Start importing Assets/Font/Super Mindset.ttf using Guid(d6e432fde9c9a46a49a9c60f13b943b0) Importer(-1,00000000000000000000000000000000) [PhysX] Initialized MultithreadedTaskDispatcher with 12 workers.
 -> (artifact id: '27544231eccd78c990c412845a662aae') in 0.000957 seconds
Start importing Assets/TextMesh Pro/Examples & Extras/Fonts/Anton.ttf using Guid(997a43b767814dd0a7642ec9b78cba41) Importer(-1,00000000000000000000000000000000) [PhysX] Initialized MultithreadedTaskDispatcher with 12 workers.
 -> (artifact id: '89814ce8be6d2d86aa1e3ff2f8a13f7d') in 0.000747 seconds
Start importing Assets/TextMesh Pro/Examples & Extras/Fonts/Oswald-Bold.ttf using Guid(c9f6d0e7bc8541498c9a4799ba184ede) Importer(-1,00000000000000000000000000000000) [PhysX] Initialized MultithreadedTaskDispatcher with 12 workers.
 -> (artifact id: '1b4c1422036fbb3536d2c83ee11003e6') in 0.000683 seconds
Start importing Assets/TextMesh Pro/Examples & Extras/Fonts/Electronic Highway Sign.TTF using Guid(8a2b9e2a607dd2143b58c44bc32410b4) Importer(-1,00000000000000000000000000000000) [PhysX] Initialized MultithreadedTaskDispatcher with 12 workers.
 -> (artifact id: 'a407af8184fe71d74988fd324d206374') in 0.000557 seconds
Start importing Assets/Font/Darkella Demo.ttf using Guid(1b846ce6f9f3c451ab8e5d2ebb36775f) Importer(-1,00000000000000000000000000000000) [PhysX] Initialized MultithreadedTaskDispatcher with 12 workers.
 -> (artifact id: 'f146555ab4a7046e5811f6d01fbad1ad') in 0.000318 seconds
Start importing Assets/TextMesh Pro/Examples & Extras/Fonts/Roboto-Bold.ttf using Guid(4beb055f07aaff244873dec698d0363e) Importer(-1,00000000000000000000000000000000) [PhysX] Initialized MultithreadedTaskDispatcher with 12 workers.
 -> (artifact id: '10b064b0b5ddf35b61471608143b1852') in 0.000434 seconds
Start importing Assets/Font/ComicNeueSansID.ttf using Guid(dc85eb787ed354dd4a09e59e4aa9e816) Importer(-1,00000000000000000000000000000000) [PhysX] Initialized MultithreadedTaskDispatcher with 12 workers.
 -> (artifact id: 'b4241387d4a2e5ef4d24bc106ef1321f') in 0.000431 seconds
Start importing Assets/TextMesh Pro/Examples & Extras/Fonts/Bangers.ttf using Guid(5dd49b3eacc540408c98eee0de38e0f1) Importer(-1,00000000000000000000000000000000) [PhysX] Initialized MultithreadedTaskDispatcher with 12 workers.
 -> (artifact id: '1ace2ccc297823ad5e8897d51a130d24') in 0.000465 seconds
Start importing Assets/Font/JetBrainsMono-Regular.ttf using Guid(afe480ca9a9994bfe8c58149d5d2b4ab) Importer(-1,00000000000000000000000000000000) [PhysX] Initialized MultithreadedTaskDispatcher with 12 workers.
 -> (artifact id: '72a5a323b0ff91d40ec42efb989a7117') in 0.000540 seconds
Start importing Assets/Font/Matcha Cih.ttf using Guid(cfa0af4e15e7c4420a150b0f9237ea84) Importer(-1,00000000000000000000000000000000) [PhysX] Initialized MultithreadedTaskDispatcher with 12 workers.
 -> (artifact id: '3ddef94bc44c3c28060852957c5a6a98') in 0.002741 seconds
Refreshing native plugins compatible for Editor in 0.00 ms, found 0 plugins.
Preloading 0 native plugins for Editor in 0.00 ms.
Asset Pipeline Refresh (id=786378662a6eb47bcb7fee1f825a8e21): Total: 4.383 seconds - Initiated by RefreshV2(NoUpdateAssetOptions)
	Summary:
		Imports: total=14 (actual=14, local cache=0, cache server=0)
		Asset DB Process Time: managed=0 ms, native=4382 ms
		Asset DB Callback time: managed=0 ms, native=0 ms
		Scripting: domain reloads=0, domain reload time=0 ms, compile time=0 ms, other=0 ms
		Project Asset Count: scripts=524, non-scripts=213
		Asset File Changes: new=0, changed=0, moved=0, deleted=0
		Scan Filter Count: 1
	InvokeBeforeRefreshCallbacks: 0.000ms
	ApplyChangesToAssetFolders: 0.013ms
	Scan: 17.745ms
	OnSourceAssetsModified: 0.000ms
	GetAllGuidsForCategorization: 0.023ms
	CategorizeAssets: 1.759ms
	ImportOutOfDateAssets: 4355.754ms (0.054ms without children)
		ImportManagerImport: 4355.513ms (0.377ms without children)
			ImportInProcess: 4355.080ms
			UpdateCategorizedAssets: 0.056ms
		ReloadNativeAssets: 0.000ms
		UnloadImportedAssets: 0.024ms
		ReloadImportedAssets: 0.001ms
		EnsureUptoDateAssetsAreRegisteredWithGuidPM: 0.045ms
		InitializingProgressBar: 0.003ms
		PostProcessAllAssetNotificationsAddChangedAssets: 0.000ms
		OnDemandSchedulerStart: 0.113ms
	PostProcessAllAssets: 0.427ms
	Hotreload: 0.056ms
	GatherAllCurrentPrimaryArtifactRevisions: 0.018ms
	UnloadStreamsBegin: 0.026ms
	PersistCurrentRevisions: 0.053ms
	UnloadStreamsEnd: 0.001ms
	Untracked: 7.338ms
Asset Pipeline Refresh (id=ffe2259f6f74741e2b035b59ea12f097): Total: 0.015 seconds - Initiated by RefreshV2(NoUpdateAssetOptions)
Asset Pipeline Refresh (id=40e33c7b8438147ee9a522dcead5fc36): Total: 0.015 seconds - Initiated by RefreshV2(NoUpdateAssetOptions)

***Player size statistics***
Total compressed size 1.0 KB. Total uncompressed size 4.1 KB.
Start importing Assets/Font/Nostalgic Letter.ttf using Guid(43214297070204f209e503a9ed189cbd) Importer(-1,00000000000000000000000000000000) [PhysX] Initialized MultithreadedTaskDispatcher with 12 workers.
 -> (artifact id: '3f67f1360ab27ab8421432fa929481b0') in 0.000811 seconds
Start importing Assets/TextMesh Pro/Fonts/LiberationSans.ttf using Guid(e3265ab4bf004d28a9537516768c1c75) Importer(-1,00000000000000000000000000000000) [PhysX] Initialized MultithreadedTaskDispatcher with 12 workers.
 -> (artifact id: '6b7fa8521b5bc302f7f7caea4f32a817') in 0.150543 seconds
Start importing Assets/Font/Maplestory Bold.ttf using Guid(459c82bccc321429a82988b9b5647445) Importer(-1,00000000000000000000000000000000) [PhysX] Initialized MultithreadedTaskDispatcher with 12 workers.
 -> (artifact id: '5363cb0f96a6c2aa8dd7da3d7e206653') in 4.199614 seconds
Start importing Assets/Font/FiraCode-Regular.ttf using Guid(e5d88f74a9d9042fe9219e40c2019dde) Importer(-1,00000000000000000000000000000000) [PhysX] Initialized MultithreadedTaskDispatcher with 12 workers.
 -> (artifact id: 'ef53a81db63875b16f49f583945604e4') in 0.000747 seconds
Start importing Assets/Font/Super Mindset.ttf using Guid(d6e432fde9c9a46a49a9c60f13b943b0) Importer(-1,00000000000000000000000000000000) [PhysX] Initialized MultithreadedTaskDispatcher with 12 workers.
 -> (artifact id: 'a220aeaed9f43e8742b36bc7269def89') in 0.000719 seconds
Start importing Assets/TextMesh Pro/Examples & Extras/Fonts/Anton.ttf using Guid(997a43b767814dd0a7642ec9b78cba41) Importer(-1,00000000000000000000000000000000) [PhysX] Initialized MultithreadedTaskDispatcher with 12 workers.
 -> (artifact id: '70d92276a4c92a5d7545479c61cd91c6') in 0.000365 seconds
Start importing Assets/TextMesh Pro/Examples & Extras/Fonts/Oswald-Bold.ttf using Guid(c9f6d0e7bc8541498c9a4799ba184ede) Importer(-1,00000000000000000000000000000000) [PhysX] Initialized MultithreadedTaskDispatcher with 12 workers.
 -> (artifact id: '022e22f758eb7197ffb1865fa000060c') in 0.000325 seconds
Start importing Assets/TextMesh Pro/Examples & Extras/Fonts/Electronic Highway Sign.TTF using Guid(8a2b9e2a607dd2143b58c44bc32410b4) Importer(-1,00000000000000000000000000000000) [PhysX] Initialized MultithreadedTaskDispatcher with 12 workers.
 -> (artifact id: '1876b8f237d8f676a4ffbf035eabe87d') in 0.000415 seconds
Start importing Assets/Font/Darkella Demo.ttf using Guid(1b846ce6f9f3c451ab8e5d2ebb36775f) Importer(-1,00000000000000000000000000000000) [PhysX] Initialized MultithreadedTaskDispatcher with 12 workers.
 -> (artifact id: '3113cfd5d5ddcf94e1b9550c1b009788') in 0.000307 seconds
Start importing Assets/TextMesh Pro/Examples & Extras/Fonts/Roboto-Bold.ttf using Guid(4beb055f07aaff244873dec698d0363e) Importer(-1,00000000000000000000000000000000) [PhysX] Initialized MultithreadedTaskDispatcher with 12 workers.
 -> (artifact id: '15809a75ae3843dc16e2e11ff65e4e7c') in 0.000423 seconds
Start importing Assets/Font/ComicNeueSansID.ttf using Guid(dc85eb787ed354dd4a09e59e4aa9e816) Importer(-1,00000000000000000000000000000000) [PhysX] Initialized MultithreadedTaskDispatcher with 12 workers.
 -> (artifact id: '7692e210987ea296e026fe7744292d7c') in 0.000380 seconds
Start importing Assets/TextMesh Pro/Examples & Extras/Fonts/Bangers.ttf using Guid(5dd49b3eacc540408c98eee0de38e0f1) Importer(-1,00000000000000000000000000000000) [PhysX] Initialized MultithreadedTaskDispatcher with 12 workers.
 -> (artifact id: '93bfcb472fabe945130e48958c287657') in 0.000494 seconds
Start importing Assets/Font/JetBrainsMono-Regular.ttf using Guid(afe480ca9a9994bfe8c58149d5d2b4ab) Importer(-1,00000000000000000000000000000000) [PhysX] Initialized MultithreadedTaskDispatcher with 12 workers.
 -> (artifact id: 'bd39899075d38db57f5709e2517fda4b') in 0.000650 seconds
Start importing Assets/Font/Matcha Cih.ttf using Guid(cfa0af4e15e7c4420a150b0f9237ea84) Importer(-1,00000000000000000000000000000000) [PhysX] Initialized MultithreadedTaskDispatcher with 12 workers.
 -> (artifact id: '5c36e919b0cbe1c108472bd4ba091a66') in 0.002486 seconds
Refreshing native plugins compatible for Editor in 0.00 ms, found 0 plugins.
Preloading 0 native plugins for Editor in 0.00 ms.
Asset Pipeline Refresh (id=eb173ec908bf94db793e4f798fee601f): Total: 4.385 seconds - Initiated by RefreshV2(NoUpdateAssetOptions)
	Summary:
		Imports: total=14 (actual=14, local cache=0, cache server=0)
		Asset DB Process Time: managed=0 ms, native=4384 ms
		Asset DB Callback time: managed=0 ms, native=0 ms
		Scripting: domain reloads=0, domain reload time=0 ms, compile time=0 ms, other=0 ms
		Project Asset Count: scripts=524, non-scripts=213
		Asset File Changes: new=0, changed=0, moved=0, deleted=0
		Scan Filter Count: 1
	ApplyChangesToAssetFolders: 0.028ms
	Scan: 13.788ms
	OnSourceAssetsModified: 0.000ms
	GetAllGuidsForCategorization: 0.022ms
	CategorizeAssets: 1.619ms
	ImportOutOfDateAssets: 4360.439ms (0.088ms without children)
		ImportManagerImport: 4360.154ms (0.231ms without children)
			ImportInProcess: 4359.868ms
			UpdateCategorizedAssets: 0.055ms
		ReloadNativeAssets: 0.001ms
		UnloadImportedAssets: 0.011ms
		ReloadImportedAssets: 0.001ms
		EnsureUptoDateAssetsAreRegisteredWithGuidPM: 0.049ms
		InitializingProgressBar: 0.009ms
		PostProcessAllAssetNotificationsAddChangedAssets: 0.001ms
		OnDemandSchedulerStart: 0.125ms
	PostProcessAllAssets: 0.524ms
	Hotreload: 0.139ms
	GatherAllCurrentPrimaryArtifactRevisions: 0.044ms
	UnloadStreamsBegin: 0.053ms
	PersistCurrentRevisions: 0.073ms
	UnloadStreamsEnd: 0.002ms
	Untracked: 8.159ms
Asset Pipeline Refresh (id=1e09c0dc4f50246f797ac0e416fc9b93): Total: 0.016 seconds - Initiated by RefreshV2(NoUpdateAssetOptions)
Asset Pipeline Refresh (id=eaabcbe79bf4d4abcb9d699abe45442c): Total: 0.014 seconds - Initiated by RefreshV2(NoUpdateAssetOptions)
Unloading 0 Unused Serialized files (Serialized files now loaded: 0)
Unloading 5 unused Assets / (0.9 KB). Loaded Objects now: 990.
Memory consumption went from 91.2 MB to 91.2 MB.
Total: 1.731458 ms (FindLiveObjects: 0.031959 ms CreateObjectMapping: 0.006791 ms MarkObjects: 1.676292 ms  DeleteObjects: 0.016250 ms)


-------------------------------------------------------------------------------
Bundle Name: Linux
Compressed Size:1.0 kb
Uncompressed usage by category (Percentages based on user generated assets only):
Textures               0.0 kb	 0.0% 
Meshes                 0.0 kb	 0.0% 
Animations             0.0 kb	 0.0% 
Sounds                 0.0 kb	 0.0% 
Shaders                0.0 kb	 0.0% 
Other Assets           0.2 kb	 4.6% 
Levels                 0.0 kb	 0.0% 
Scripts                0.0 kb	 0.0% 
Included DLLs          0.0 kb	 0.0% 
File headers           3.9 kb	 95.4% 
Total User Assets      4.1 kb	 100.0% 
Complete build size    4.1 kb
Used Assets and files from the Resources folder, sorted by uncompressed size:
 0.1 kb	 2.5% AssetBundle Object
 0.1 kb	 2.2% Built-in AssetBundleManifest: AssetBundleManifest
-------------------------------------------------------------------------------
[KorenResourcePack] Linux (→ BuiltAssetBundles/Linux/): **korenresourcepackbundle** → /Users/koren/Documents/KorenResourcePack/KorenResourcePack-Unity/BuiltAssetBundles/Linux/korenresourcepackbundle (6280864 bytes)
UnityEngine.StackTraceUtility:ExtractStackTrace () (at /Users/bokken/build/output/unity/unity/Runtime/Export/Scripting/StackTrace.cs:37)
UnityEngine.DebugLogHandler:LogFormat (UnityEngine.LogType,UnityEngine.Object,string,object[])
UnityEngine.Logger:Log (UnityEngine.LogType,object)
UnityEngine.Debug:Log (object)
CreateAssetBundle:LogBundleOutput (string,string) (at Assets/Editor/CreateAssetBundles.cs:188)
CreateAssetBundle:TryBuildForTarget (string,UnityEditor.BuildTarget,string) (at Assets/Editor/CreateAssetBundles.cs:172)
CreateAssetBundle:BuildAllAssetBundles () (at Assets/Editor/CreateAssetBundles.cs:85)

(Filename: Assets/Editor/CreateAssetBundles.cs Line: 188)

Asset Pipeline Refresh (id=39bdec505d1a94d1cbc38030bc1f703b): Total: 0.015 seconds - Initiated by RefreshV2(NoUpdateAssetOptions)

***Player size statistics***
Total compressed size 1.0 KB. Total uncompressed size 4.1 KB.
Unloading 0 Unused Serialized files (Serialized files now loaded: 0)
Unloading 5 unused Assets / (0.9 KB). Loaded Objects now: 990.
Memory consumption went from 91.0 MB to 91.0 MB.
Total: 1.705792 ms (FindLiveObjects: 0.036500 ms CreateObjectMapping: 0.007625 ms MarkObjects: 1.650667 ms  DeleteObjects: 0.010708 ms)


-------------------------------------------------------------------------------
Bundle Name: Mac
Compressed Size:1.0 kb
Uncompressed usage by category (Percentages based on user generated assets only):
Textures               0.0 kb	 0.0% 
Meshes                 0.0 kb	 0.0% 
Animations             0.0 kb	 0.0% 
Sounds                 0.0 kb	 0.0% 
Shaders                0.0 kb	 0.0% 
Other Assets           0.2 kb	 4.6% 
Levels                 0.0 kb	 0.0% 
Scripts                0.0 kb	 0.0% 
Included DLLs          0.0 kb	 0.0% 
File headers           3.9 kb	 95.4% 
Total User Assets      4.1 kb	 100.0% 
Complete build size    4.1 kb
Used Assets and files from the Resources folder, sorted by uncompressed size:
 0.1 kb	 2.5% AssetBundle Object
 0.1 kb	 2.2% Built-in AssetBundleManifest: AssetBundleManifest
-------------------------------------------------------------------------------
[KorenResourcePack] macOS (→ BuiltAssetBundles/Mac/): **korenresourcepackbundle** → /Users/koren/Documents/KorenResourcePack/KorenResourcePack-Unity/BuiltAssetBundles/Mac/korenresourcepackbundle (6273426 bytes)
UnityEngine.StackTraceUtility:ExtractStackTrace () (at /Users/bokken/build/output/unity/unity/Runtime/Export/Scripting/StackTrace.cs:37)
UnityEngine.DebugLogHandler:LogFormat (UnityEngine.LogType,UnityEngine.Object,string,object[])
UnityEngine.Logger:Log (UnityEngine.LogType,object)
UnityEngine.Debug:Log (object)
CreateAssetBundle:LogBundleOutput (string,string) (at Assets/Editor/CreateAssetBundles.cs:188)
CreateAssetBundle:TryBuildForTarget (string,UnityEditor.BuildTarget,string) (at Assets/Editor/CreateAssetBundles.cs:172)
CreateAssetBundle:BuildAllAssetBundles () (at Assets/Editor/CreateAssetBundles.cs:88)

(Filename: Assets/Editor/CreateAssetBundles.cs Line: 188)

[KorenResourcePack] Done. Copy **BuiltAssetBundles/korenresourcepackbundle** to the mod **Bundles/** folder; put Linux/Mac copies under **Bundles/Linux/** and **Bundles/Mac/** (see BundleLoader).
UnityEngine.StackTraceUtility:ExtractStackTrace () (at /Users/bokken/build/output/unity/unity/Runtime/Export/Scripting/StackTrace.cs:37)
UnityEngine.DebugLogHandler:LogFormat (UnityEngine.LogType,UnityEngine.Object,string,object[])
UnityEngine.Logger:Log (UnityEngine.LogType,object)
UnityEngine.Debug:Log (object)
CreateAssetBundle:BuildAllAssetBundles () (at Assets/Editor/CreateAssetBundles.cs:99)

(Filename: Assets/Editor/CreateAssetBundles.cs Line: 99)

Batchmode quit successfully invoked - shutting down!
Thread 0x171963000 may have been prematurely finalized
[PhysX] Initialized MultithreadedTaskDispatcher with 12 workers.
Input System module state changed to: ShutdownInProgress.
Input System polling thread exited.
Input System module state changed to: Shutdown.
[Licensing::IpcConnector] LicenseClient-koren-notifications channel disconnected successfully.
[Licensing::IpcConnector] LicenseClient-koren channel disconnected successfully.
Thread 0x16e323000 may have been prematurely finalized
[40m[32minfo[39m[22m[49m: Microsoft.Hosting.Lifetime[0]
      Application is shutting down...
Cleanup mono
debugger-agent: Unable to listen on 48
[Performance] Application.InitializeProject                                                                                  :        1 samples, Peak.  3.09 s (1.0x), Avg.  3.09 s, Total. 3.085 s (13.6%)
[Performance] Application.PackageManager.StartServer                                                                         :        1 samples, Peak.  2.76 ms (1.0x), Avg.  2.76 ms, Total. 2.756 ms (0.0%)
[Performance] Application.AcquireProjectLock                                                                                 :        1 samples, Peak.  2.85 ms (1.0x), Avg.  2.85 ms, Total. 2.848 ms (0.0%)
[Performance] Application.InitializeEngineNoGraphics                                                                         :        1 samples, Peak.  52.1 ms (1.0x), Avg.  52.1 ms, Total. 52.09 ms (0.2%)
[Performance] Application.PackageManager.Initialize                                                                          :        1 samples, Peak.  1.15 s (1.0x), Avg.  1.15 s, Total. 1.150 s (5.1%)
[Performance] Connecting to Package Manager                                                                                  :      116 samples, Peak.  53.3 us (33.5x), Avg.  1.59 us, Total. 184.3 us (0.0%)
[Performance] Application.EngineGraphics.Initialize                                                                          :        1 samples, Peak.  35.9 ms (1.0x), Avg.  35.9 ms, Total. 35.92 ms (0.2%)
[Performance] Application.GI.Initialize                                                                                      :        1 samples, Peak.  2.08 ms (1.0x), Avg.  2.08 ms, Total. 2.083 ms (0.0%)
[Performance] Application.LoadAllDefaultResourcesFromEditor                                                                  :        1 samples, Peak.  1.00 ms (1.0x), Avg.  1.00 ms, Total. 1.000 ms (0.0%)
[Performance] Application.LoadMonoAssemblies                                                                                 :        1 samples, Peak.   394 ms (1.0x), Avg.   394 ms, Total. 393.8 ms (1.7%)
[Performance] RestoreManagedReferences                                                                                       :        2 samples, Peak.  23.8 ms (2.0x), Avg.  11.9 ms, Total. 23.85 ms (0.1%)
[Performance] InitializeOnLoad DrivenRectTransformUndo                                                                       :        2 samples, Peak.   223 us (1.1x), Avg.   204 us, Total. 407.5 us (0.0%)
[Performance] InitializeOnLoad SceneSearch                                                                                   :        2 samples, Peak.  65.0 us (1.1x), Avg.  60.7 us, Total. 121.3 us (0.0%)
[Performance] InitializeOnLoad CloudBuild                                                                                    :        2 samples, Peak.  2.50 us (1.3x), Avg.  1.96 us, Total. 3.917 us (0.0%)
[Performance] InitializeOnLoad NativeFormatImporterUtility                                                                   :        2 samples, Peak.  1.62 ms (1.2x), Avg.  1.31 ms, Total. 2.622 ms (0.0%)
[Performance] InitializeOnLoad SearchService                                                                                 :        2 samples, Peak.  71.1 us (1.1x), Avg.  62.4 us, Total. 124.7 us (0.0%)
[Performance] InitializeOnLoad SettingsService                                                                               :        2 samples, Peak.  6.37 us (1.1x), Avg.  5.69 us, Total. 11.37 us (0.0%)
[Performance] InitializeOnLoad WindowLayout                                                                                  :        2 samples, Peak.   340 us (1.0x), Avg.   337 us, Total. 674.0 us (0.0%)
[Performance] InitializeOnLoad AssetStoreContext                                                                             :        2 samples, Peak.  12.4 ms (1.0x), Avg.  12.1 ms, Total. 24.21 ms (0.1%)
[Performance] InitializeOnLoad PoolManager                                                                                   :        2 samples, Peak.   303 us (1.0x), Avg.   290 us, Total. 581.0 us (0.0%)
[Performance] InitializeOnLoad MixerEffectDefinitionReloader                                                                 :        2 samples, Peak.  2.24 ms (1.5x), Avg.  1.52 ms, Total. 3.036 ms (0.0%)
[Performance] InitializeOnLoad ProjectSearch                                                                                 :        2 samples, Peak.   172 us (1.7x), Avg. 100.0 us, Total. 199.9 us (0.0%)
[Performance] InitializeOnLoad UISystemProfilerRenderService                                                                 :        2 samples, Peak.  6.13 us (1.2x), Avg.  5.23 us, Total. 10.46 us (0.0%)
[Performance] InitializeOnLoad EditMode                                                                                      :        2 samples, Peak.   220 us (1.2x), Avg.   180 us, Total. 360.5 us (0.0%)
[Performance] InitializeOnLoad UnityConnect                                                                                  :        2 samples, Peak.  24.5 us (1.1x), Avg.  21.6 us, Total. 43.25 us (0.0%)
[Performance] InitializeOnLoad ManagedDebugger                                                                               :        2 samples, Peak.   245 us (1.0x), Avg.   243 us, Total. 485.4 us (0.0%)
[Performance] InitializeOnLoad ShortcutIntegration                                                                           :        2 samples, Peak.  27.4 us (1.1x), Avg.  25.9 us, Total. 51.87 us (0.0%)
[Performance] InitializeOnLoad AddComponentWindow                                                                            :        2 samples, Peak.  64.7 us (1.2x), Avg.  54.0 us, Total. 108.0 us (0.0%)
[Performance] InitializeOnLoad ManagedDebuggerWindow                                                                         :        2 samples, Peak.  57.0 us (1.1x), Avg.  53.0 us, Total. 106.0 us (0.0%)
[Performance] InitializeOnLoad CacheServerWindow                                                                             :        2 samples, Peak.  5.21 us (1.0x), Avg.  5.15 us, Total. 10.29 us (0.0%)
[Performance] InitializeOnLoad PlayModeDownload                                                                              :        2 samples, Peak.  2.69 ms (1.9x), Avg.  1.40 ms, Total. 2.810 ms (0.0%)
[Performance] InitializeOnLoad MenuItems                                                                                     :        2 samples, Peak.  43.5 us (1.1x), Avg.  38.0 us, Total. 76.04 us (0.0%)
[Performance] InitializeOnLoad PrefabInstanceChangedListener                                                                 :        2 samples, Peak.  59.4 us (1.1x), Avg.  55.9 us, Total. 111.7 us (0.0%)
[Performance] InitializeOnLoad ObjectSelectorSearch                                                                          :        2 samples, Peak.  14.0 us (1.1x), Avg.  13.0 us, Total. 26.08 us (0.0%)
[Performance] InitializeOnLoad EditorMonitor                                                                                 :        2 samples, Peak.   325 us (1.2x), Avg.   264 us, Total. 527.7 us (0.0%)
[Performance] InitializeOnLoad RetainedMode                                                                                  :        2 samples, Peak.   964 us (1.0x), Avg.   963 us, Total. 1.927 ms (0.0%)
[Performance] InitializeOnLoad EditorShaderLoader                                                                            :        2 samples, Peak.   480 us (1.3x), Avg.   356 us, Total. 712.4 us (0.0%)
[Performance] InitializeOnLoad EditorDelegateRegistration                                                                    :        2 samples, Peak.   257 us (1.1x), Avg.   245 us, Total. 489.5 us (0.0%)
[Performance] InitializeOnLoad UIDocumentHierarchyWatcher                                                                    :        2 samples, Peak.  38.9 us (1.2x), Avg.  32.0 us, Total. 63.92 us (0.0%)
[Performance] InitializeOnLoad LiveReloadTrackerCreator                                                                      :        2 samples, Peak.   102 us (1.2x), Avg.  86.7 us, Total. 173.4 us (0.0%)
[Performance] InitializeOnLoad UxmlObjectEditorFactories                                                                     :        2 samples, Peak.   237 us (1.0x), Avg.   233 us, Total. 467.0 us (0.0%)
[Performance] InitializeOnLoad UXMLEditorFactories                                                                           :        2 samples, Peak.  26.5 ms (1.0x), Avg.  25.3 ms, Total. 50.69 ms (0.2%)
[Performance] InitializeOnLoad PurchasingService                                                                             :        2 samples, Peak.  4.57 ms (1.2x), Avg.  3.71 ms, Total. 7.414 ms (0.0%)
[Performance] InitializeOnLoad CloudBuildPoller                                                                              :        2 samples, Peak.  48.4 us (1.1x), Avg.  44.1 us, Total. 88.25 us (0.0%)
[Performance] InitializeOnLoad EditorGameServicesAnalytics                                                                   :        2 samples, Peak.   680 us (1.2x), Avg.   549 us, Total. 1.099 ms (0.0%)
[Performance] InitializeOnLoad AnalyticsService                                                                              :        2 samples, Peak.   210 us (1.5x), Avg.   139 us, Total. 277.4 us (0.0%)
[Performance] InitializeOnLoad BuildService                                                                                  :        2 samples, Peak.  68.7 us (1.1x), Avg.  62.1 us, Total. 124.3 us (0.0%)
[Performance] InitializeOnLoad AdsService                                                                                    :        2 samples, Peak.   327 us (1.4x), Avg.   237 us, Total. 473.1 us (0.0%)
[Performance] InitializeOnLoad UDPService                                                                                    :        2 samples, Peak.  78.0 us (1.2x), Avg.  67.1 us, Total. 134.2 us (0.0%)
[Performance] InitializeOnLoad CrashService                                                                                  :        2 samples, Peak.   102 us (1.3x), Avg.  78.6 us, Total. 157.1 us (0.0%)
[Performance] InitializeOnLoad ServicesRepository                                                                            :        2 samples, Peak.   250 ns (1.3x), Avg.   187 ns, Total. 375.0 ns (0.0%)
[Performance] InitializeOnLoad SearchWindow                                                                                  :        2 samples, Peak.  54.6 us (1.0x), Avg.  54.5 us, Total. 109.0 us (0.0%)
[Performance] InitializeOnLoad CustomIndexers                                                                                :        2 samples, Peak.  9.20 ms (1.1x), Avg.  8.58 ms, Total. 17.15 ms (0.1%)
[Performance] InitializeOnLoad SearchMonitor                                                                                 :        2 samples, Peak.   490 us (1.2x), Avg.   425 us, Total. 850.9 us (0.0%)
[Performance] InitializeOnLoad ParameterControllerEditor                                                                     :        2 samples, Peak.  13.0 us (1.0x), Avg.  12.6 us, Total. 25.12 us (0.0%)
[Performance] InitializeOnLoad LayerSettingsWindow                                                                           :        2 samples, Peak.  13.0 us (1.7x), Avg.  7.46 us, Total. 14.92 us (0.0%)
[Performance] InitializeOnLoad PackageManagerHookGUIDConverter.RegisterPackagesEventHandler                                  :        2 samples, Peak.   327 us (1.7x), Avg.   195 us, Total. 390.8 us (0.0%)
[Performance] InitializeOnLoad EditorDragAndDrop.RegisterEditorClient                                                        :        2 samples, Peak.   106 us (1.1x), Avg.  95.5 us, Total. 191.1 us (0.0%)
[Performance] InitializeOnLoad EditorEventCallbacks.InitializeFontAssetResourceChangeCallBacks                               :        2 samples, Peak.   518 us (1.1x), Avg.   490 us, Total. 979.8 us (0.0%)
[Performance] InitializeOnLoad SceneTemplateService.Init                                                                     :        2 samples, Peak.   619 us (1.1x), Avg.   553 us, Total. 1.106 ms (0.0%)
[Performance] InitializeOnLoad DiagnosticSwitchesConsoleMessage.Init                                                         :        2 samples, Peak.  1.41 ms (1.4x), Avg.  1.01 ms, Total. 2.015 ms (0.0%)
[Performance] InitializeOnLoad PackageManagerWindow.EditorInitializedInSafeMode                                              :        2 samples, Peak.  12.7 ms (2.0x), Avg.  6.39 ms, Total. 12.78 ms (0.1%)
[Performance] InitializeOnLoad ToolShortcutContext.Init                                                                      :        2 samples, Peak.  71.6 us (1.1x), Avg.  64.4 us, Total. 128.8 us (0.0%)
[Performance] InitializeOnLoad MemoryProfilerCompilationGuard.InjectCompileGuard                                             :        2 samples, Peak.  69.8 us (1.1x), Avg.  63.1 us, Total. 126.2 us (0.0%)
[Performance] InitializeOnLoad AssetPostprocessingInternal.RefreshCustomDependencies                                         :        2 samples, Peak.  1.72 ms (1.1x), Avg.  1.64 ms, Total. 3.278 ms (0.0%)
[Performance] InitializeOnLoad SysrootManager.Initialize                                                                     :        2 samples, Peak.  7.17 us (1.3x), Avg.  5.56 us, Total. 11.13 us (0.0%)
[Performance] InitializeOnLoad ScopedRegistryAddedPopup.SubscribeToRegistriesAdded                                           :        2 samples, Peak.  3.83 ms (2.0x), Avg.  1.94 ms, Total. 3.877 ms (0.0%)
[Performance] InitializeOnLoad SceneVisibilityManager.Initialize                                                             :        2 samples, Peak.  2.45 ms (1.8x), Avg.  1.39 ms, Total. 2.789 ms (0.0%)
[Performance] InitializeOnLoad EditorWindow.Initialize                                                                       :        2 samples, Peak.   245 us (1.5x), Avg.   163 us, Total. 325.4 us (0.0%)
[Performance] AssemblyReloadEvents.afterAssemblyReload: UnityEditor.SceneTemplate.SceneTemplateService.AfterAssemblyReload   :        2 samples, Peak.  1.63 ms (1.9x), Avg.   874 us, Total. 1.747 ms (0.0%)
[Performance] ProcessService.EditorAfterLoadAllAssemblies                                                                    :        2 samples, Peak.   449 us (1.4x), Avg.   312 us, Total. 623.6 us (0.0%)
[Performance] Application.ReadLicenseInfo                                                                                    :        1 samples, Peak.  11.4 ms (1.0x), Avg.  11.4 ms, Total. 11.36 ms (0.1%)
[Performance] Application.InitialRefresh                                                                                     :        1 samples, Peak.  1.06 s (1.0x), Avg.  1.06 s, Total. 1.055 s (4.7%)
[Performance] Compiling Scripts                                                                                              :        1 samples, Peak.   605 ms (1.0x), Avg.   605 ms, Total. 605.2 ms (2.7%)
[Performance] AssemblyReloadEvents.beforeAssemblyReload: UnityEditor.SceneTemplate.SceneTemplateService.BeforeAssemblyReload :        1 samples, Peak.   243 us (1.0x), Avg.   243 us, Total. 242.7 us (0.0%)
[Performance] InitializeOnLoad PrefabLayoutRebuilder                                                                         :        1 samples, Peak.   111 us (1.0x), Avg.   111 us, Total. 110.8 us (0.0%)
[Performance] InitializeOnLoad SysrootPackage.IssueWarningIfLinuxIL2CPPNotPresent                                            :        1 samples, Peak.   296 us (1.0x), Avg.   296 us, Total. 295.7 us (0.0%)
[Performance] DidReloadScriptsAdvancedDropdownWindow.OnScriptReload                                                          :        1 samples, Peak.   101 us (1.0x), Avg.   101 us, Total. 100.8 us (0.0%)
[Performance] SyncVS.PostprocessSyncProject                                                                                  :        5 samples, Peak.  1.44 ms (4.9x), Avg.   291 us, Total. 1.453 ms (0.0%)
[Performance] Application.ImportPackagesAndSetTemplateWhenCreatingProject                                                    :        1 samples, Peak.  20.8 ms (1.0x), Avg.  20.8 ms, Total. 20.76 ms (0.1%)
[Performance] Application.SyncCurrentColorSpace                                                                              :        1 samples, Peak.  3.37 ms (1.0x), Avg.  3.37 ms, Total. 3.368 ms (0.0%)
[Performance] Application.OnUsbDevicesChanged                                                                                :        1 samples, Peak.   421 us (1.0x), Avg.   421 us, Total. 421.3 us (0.0%)
[Performance] Application.AssetInstanceCacheUpdate                                                                           :        1 samples, Peak.   167 ns (1.0x), Avg.   167 ns, Total. 167.0 ns (0.0%)
[Performance] Application.UnityExtensions.Initialize                                                                         :        1 samples, Peak.   427 us (1.0x), Avg.   427 us, Total. 427.3 us (0.0%)
[Performance] CodeEditorProjectSync.SyncEditorProject                                                                        :        1 samples, Peak.  29.8 us (1.0x), Avg.  29.8 us, Total. 29.79 us (0.0%)
[Performance] Application.ExecuteStartups                                                                                    :        1 samples, Peak.  29.6 ms (1.0x), Avg.  29.6 ms, Total. 29.61 ms (0.1%)
[Performance] Menu.RegisterMenuInterface                                                                                     :       26 samples, Peak.  1.21 us (6.6x), Avg.   184 ns, Total. 4.796 us (0.0%)
[Performance] Gizmo.RebuildRenderers                                                                                         :        4 samples, Peak.  28.8 ms (2.6x), Avg.  10.9 ms, Total. 43.55 ms (0.2%)
[Performance] Gizmo.AddGizmoRenderers                                                                                        :      124 samples, Peak.  1.14 ms (76.9x), Avg.  14.9 us, Total. 1.843 ms (0.0%)
[Performance] Application.editorInitializingProject                                                                          :        1 samples, Peak.  12.6 ms (1.0x), Avg.  12.6 ms, Total. 12.64 ms (0.1%)
[Performance] Application.InitializeMenu                                                                                     :        1 samples, Peak.   166 ms (1.0x), Avg.   166 ms, Total. 166.3 ms (0.7%)
[Performance] Menu.RebuildAll                                                                                                :        1 samples, Peak.   166 ms (1.0x), Avg.   166 ms, Total. 166.3 ms (0.7%)
[Performance] Menu.BuildRegisteredMenuInterfaces                                                                             :        1 samples, Peak.   166 ms (1.0x), Avg.   166 ms, Total. 165.7 ms (0.7%)
[Performance] Menu.FilterMenuItem                                                                                            :      514 samples, Peak.  10.5 ms (507.9x), Avg.  20.7 us, Total. 10.62 ms (0.0%)
[Performance] UpdateAllMenus                                                                                                 :        1 samples, Peak.   590 us (1.0x), Avg.   590 us, Total. 589.8 us (0.0%)
[Performance] EditorSceneManager.sceneClosing: UnityEditor.SceneVisibilityManager.EditorSceneManagerOnSceneClosing           :        1 samples, Peak.   157 us (1.0x), Avg.   157 us, Total. 157.1 us (0.0%)
[Performance] GUIView.RepaintAll.PlayerLoopController                                                                        :        1 samples, Peak.   875 ns (1.0x), Avg.   875 ns, Total. 875.0 ns (0.0%)
[Performance] EditorSceneManager.newSceneCreated: UnityEditor.SceneTemplate.SceneTemplateService.OnNewSceneCreated           :        1 samples, Peak.   119 us (1.0x), Avg.   119 us, Total. 119.0 us (0.0%)
[Performance] EditorSceneManager.newSceneCreated: UnityEditor.SceneVisibilityManager.EditorSceneManagerOnNewSceneCreated     :        1 samples, Peak.  74.0 us (1.0x), Avg.  74.0 us, Total. 74.00 us (0.0%)
[Performance] EditorSceneManager.newSceneCreated: UnityEditor.SceneManagement.StageNavigationManager.OnNewSceneCreated       :        1 samples, Peak.  23.4 us (1.0x), Avg.  23.4 us, Total. 23.42 us (0.0%)
[Performance] Application.InvokeFinishedLoadingProject                                                                       :        1 samples, Peak.  1.06 ms (1.0x), Avg.  1.06 ms, Total. 1.062 ms (0.0%)
[Performance] ProcessService.OnProjectLoaded                                                                                 :        1 samples, Peak.  24.3 us (1.0x), Avg.  24.3 us, Total. 24.29 us (0.0%)
[Performance] VersionControl.Task.Wait                                                                                       :        1 samples, Peak.  17.0 us (1.0x), Avg.  17.0 us, Total. 17.04 us (0.0%)
[Performance] BuilderAssetModificationProcessor.OnWillSaveAssets                                                             :        6 samples, Peak.   354 us (5.5x), Avg.  64.3 us, Total. 386.0 us (0.0%)
[Performance] TerrainModificationProcessor.OnWillSaveAssets                                                                  :        6 samples, Peak.   278 us (5.9x), Avg.  47.2 us, Total. 283.4 us (0.0%)
[Performance] AssetDatabase.ImportAssets                                                                                     :        6 samples, Peak.   500 ns (1.4x), Avg.   348 ns, Total. 2.085 us (0.0%)
[Performance] AssetDatabase.Refresh                                                                                          :        2 samples, Peak.  41.9 ms (1.0x), Avg.  41.3 ms, Total. 82.63 ms (0.4%)
[Performance] BuildAssetBundles                                                                                              :        3 samples, Peak.  9.12 s (1.5x), Avg.  5.99 s, Total. 17.98 s (79.3%)
[Performance] PresetManagerPostProcessor.OnPreprocessAsset                                                                   :       56 samples, Peak.   105 us (15.1x), Avg.  6.98 us, Total. 390.9 us (0.0%)
[Performance] CancelSplashScreenOnAssetChange.OnPreprocessAsset                                                              :       56 samples, Peak.   482 us (50.7x), Avg.  9.50 us, Total. 531.9 us (0.0%)
[Performance] TMPro_TexturePostProcessor.OnPostprocessAllAssets                                                              :        8 samples, Peak.   398 us (3.7x), Avg.   106 us, Total. 850.0 us (0.0%)
[Performance] BuilderAssetPostprocessor.OnPostprocessAllAssets                                                               :        8 samples, Peak.  1.75 ms (3.3x), Avg.   537 us, Total. 4.296 ms (0.0%)
[Performance] ArtifactBrowserPostProcessor.OnPostprocessAllAssets                                                            :        8 samples, Peak.   321 us (3.9x), Avg.  81.8 us, Total. 654.0 us (0.0%)
[Performance] AssetEvents.OnPostprocessAllAssets                                                                             :       16 samples, Peak.  85.7 us (4.8x), Avg.  17.8 us, Total. 284.0 us (0.0%)
[Performance] AudioMixerPostprocessor.OnPostprocessAllAssets                                                                 :        8 samples, Peak.   191 us (3.9x), Avg.  49.6 us, Total. 396.7 us (0.0%)
[Performance] StyleCatalogPostProcessor.OnPostprocessAllAssets                                                               :        8 samples, Peak.  8.18 ms (4.0x), Avg.  2.05 ms, Total. 16.41 ms (0.1%)
[Performance] BuildCatalog                                                                                                   :        1 samples, Peak.  7.48 ms (1.0x), Avg.  7.48 ms, Total. 7.482 ms (0.0%)
[Performance] ModelImporterPostProcessor.OnPostprocessAllAssets                                                              :        8 samples, Peak.   936 us (3.7x), Avg.   253 us, Total. 2.028 ms (0.0%)
[Performance] RetainedModeAssetPostprocessor.OnPostprocessAllAssets                                                          :        8 samples, Peak.  1.16 ms (3.9x), Avg.   299 us, Total. 2.391 ms (0.0%)
[Performance] AssetChangedListener.OnPostprocessAllAssets                                                                    :        8 samples, Peak.   775 us (3.3x), Avg.   234 us, Total. 1.869 ms (0.0%)
[Performance] SpeedTreePostProcessor.OnPostprocessAllAssets                                                                  :        8 samples, Peak.   126 us (2.2x), Avg.  56.1 us, Total. 449.1 us (0.0%)
[Performance] TextAssetPostProcessor.OnPostprocessAllAssets                                                                  :        8 samples, Peak.   228 us (2.7x), Avg.  85.9 us, Total. 687.2 us (0.0%)
[Performance] EditorApplication.quitting: callback in UnityEditor.TextCore.Text.EditorEventCallbacks                         :        1 samples, Peak.  2.26 ms (1.0x), Avg.  2.26 ms, Total. 2.262 ms (0.0%)
[Performance] Application.Shutdown.PauseProfilerSession                                                                      :        1 samples, Peak.   265 us (1.0x), Avg.   265 us, Total. 265.2 us (0.0%)
[Performance] Application.Shutdown.PauseAssetImportWorkers                                                                   :        1 samples, Peak.  60.7 us (1.0x), Avg.  60.7 us, Total. 60.67 us (0.0%)
[Performance] Application.Shutdown.SaveAssets                                                                                :        1 samples, Peak.   154 us (1.0x), Avg.   154 us, Total. 153.8 us (0.0%)
[Performance] Application.Shutdown.CleanupRenderPipeline                                                                     :        1 samples, Peak.  1.79 us (1.0x), Avg.  1.79 us, Total. 1.791 us (0.0%)
[Performance] Application.Shutdown.StopPreloadManager                                                                        :        1 samples, Peak.  11.0 ms (1.0x), Avg.  11.0 ms, Total. 11.04 ms (0.0%)
[Performance] Application.Shutdown.DestroyWorld                                                                              :        1 samples, Peak.   172 us (1.0x), Avg.   172 us, Total. 171.8 us (0.0%)
[Performance] Application.Shutdown.CleanupAfterLoad                                                                          :        1 samples, Peak.  1.38 ms (1.0x), Avg.  1.38 ms, Total. 1.380 ms (0.0%)
[Performance] Application.Shutdown.Progress                                                                                  :        1 samples, Peak.  11.4 us (1.0x), Avg.  11.4 us, Total. 11.37 us (0.0%)
[Performance] Application.Shutdown.GICleanupManagers                                                                         :        1 samples, Peak.  1.31 ms (1.0x), Avg.  1.31 ms, Total. 1.313 ms (0.0%)
[Performance] Application.Shutdown.MenuCleanupClass                                                                          :        1 samples, Peak.  32.5 us (1.0x), Avg.  32.5 us, Total. 32.46 us (0.0%)
[Performance] Application.Shutdown.ADBSaveStateBeforeShutdown                                                                :        1 samples, Peak.  6.83 us (1.0x), Avg.  6.83 us, Total. 6.833 us (0.0%)
[Performance] Application.Shutdown.RemoteShutdown                                                                            :        1 samples, Peak.   916 ns (1.0x), Avg.   916 ns, Total. 916.0 ns (0.0%)
[Performance] Application.Shutdown.CleanupVCProvider                                                                         :        1 samples, Peak.  13.0 us (1.0x), Avg.  13.0 us, Total. 13.04 us (0.0%)
[Performance] Application.Shutdown.InputShutdown                                                                             :        1 samples, Peak.  49.0 us (1.0x), Avg.  49.0 us, Total. 48.96 us (0.0%)
[Performance] Application.Shutdown.GizmoManagerDestroy                                                                       :        1 samples, Peak.   297 us (1.0x), Avg.   297 us, Total. 296.5 us (0.0%)
[Performance] Application.Shutdown.ProfilerSession                                                                           :        1 samples, Peak.   153 us (1.0x), Avg.   153 us, Total. 153.3 us (0.0%)
[Performance] Application.Shutdown.ReleaseGfxWindowOnAllGUIViews                                                             :        1 samples, Peak.   250 ns (1.0x), Avg.   250 ns, Total. 250.0 ns (0.0%)
[Performance] Application.Shutdown.CleanupEngine                                                                             :        1 samples, Peak.   132 ms (1.0x), Avg.   132 ms, Total. 131.6 ms (0.6%)
[Performance] Application.Shutdown.CleanupAssetDatabase                                                                      :        1 samples, Peak.  1.18 ms (1.0x), Avg.  1.18 ms, Total. 1.184 ms (0.0%)
[Performance] Application.Shutdown.ScriptCompilationCleanUp                                                                  :        1 samples, Peak.  13.0 us (1.0x), Avg.  13.0 us, Total. 13.00 us (0.0%)
[Performance] Application.Shutdown.DestroyJobSystem                                                                          :        1 samples, Peak.   169 us (1.0x), Avg.   169 us, Total. 168.9 us (0.0%)
[Performance] Application.Shutdown.CleanupPersistentManager                                                                  :        1 samples, Peak.   421 us (1.0x), Avg.   421 us, Total. 421.4 us (0.0%)
[Performance] Application.Shutdown.CleanupAsyncReadManager                                                                   :        1 samples, Peak.  57.5 us (1.0x), Avg.  57.5 us, Total. 57.54 us (0.0%)
[Performance] Application.Shutdown.CleanupMono                                                                               :        1 samples, Peak.  15.6 ms (1.0x), Avg.  15.6 ms, Total. 15.61 ms (0.1%)
[Performance] Application.Shutdown.CleanupStdConverters                                                                      :        1 samples, Peak.  22.8 us (1.0x), Avg.  22.8 us, Total. 22.79 us (0.0%)
[Performance] Application.Shutdown.UnloadAllPlatformSupportModuleNativeDlls                                                  :        1 samples, Peak.   500 ns (1.0x), Avg.   500 ns, Total. 500.0 ns (0.0%)
[Performance] Application.Shutdown.UnloadAllPlatformSupportNativeLibraries                                                   :        1 samples, Peak.  84.0 ns (1.0x), Avg.  84.0 ns, Total. 84.00 ns (0.0%)
[Performance] Application.Shutdown.CleanupAutoDocumentation                                                                  :        1 samples, Peak.  80.4 us (1.0x), Avg.  80.4 us, Total. 80.42 us (0.0%)
[Performance] Application.Shutdown.ShaderNameManagerDestroy                                                                  :        1 samples, Peak.   117 us (1.0x), Avg.   117 us, Total. 116.7 us (0.0%)
[Performance] Application.Shutdown.CleanupCacheServer                                                                        :        1 samples, Peak.   208 ns (1.0x), Avg.   208 ns, Total. 208.0 ns (0.0%)
[Performance] Application.Shutdown.Virtualization_Shutdown                                                                   :        1 samples, Peak.   334 ns (1.0x), Avg.   334 ns, Total. 334.0 ns (0.0%)
[Performance] Application.Shutdown.DevConnections                                                                            :        1 samples, Peak.  65.0 us (1.0x), Avg.  65.0 us, Total. 64.96 us (0.0%)
Exiting batchmode successfully now!
[Package Manager] Server::Kill -- Server was shutdown
